ARM GAS  C:\Users\Gaurav\AppData\Local\Temp\ccG1X1GO.s 			page 1


   1              		.cpu cortex-m0
   2              		.fpu softvfp
   3              		.eabi_attribute 20, 1
   4              		.eabi_attribute 21, 1
   5              		.eabi_attribute 23, 3
   6              		.eabi_attribute 24, 1
   7              		.eabi_attribute 25, 1
   8              		.eabi_attribute 26, 1
   9              		.eabi_attribute 30, 6
  10              		.eabi_attribute 34, 0
  11              		.eabi_attribute 18, 4
  12              		.code	16
  13              		.file	"Init.c"
  14              		.text
  15              	.Ltext0:
  16              		.cfi_sections	.debug_frame
  17              		.section	.text.InitializeSystem,"ax",%progbits
  18              		.align	2
  19              		.global	InitializeSystem
  20              		.code	16
  21              		.thumb_func
  22              		.type	InitializeSystem, %function
  23              	InitializeSystem:
  24              	.LFB37:
  25              		.file 1 ".\\Init.c"
   1:.\Init.c      **** /*******************************************************************************
   2:.\Init.c      **** * File Name: Init.c
   3:.\Init.c      **** *
   4:.\Init.c      **** * Description:
   5:.\Init.c      **** *  This file contains system initialization routines
   6:.\Init.c      **** * 
   7:.\Init.c      **** ********************************************************************************
   8:.\Init.c      **** * Copyright 2015, Cypress Semiconductor Corporation.  All rights reserved.
   9:.\Init.c      **** * You may use this file only in accordance with the license, terms, conditions,
  10:.\Init.c      **** * disclaimers, and limitations in the end user license agreement accompanying
  11:.\Init.c      **** * the software package with which this file was provided.
  12:.\Init.c      **** *******************************************************************************/
  13:.\Init.c      **** 
  14:.\Init.c      **** #include <BLE_Interface.h>
  15:.\Init.c      **** #include <Configuration.h>
  16:.\Init.c      **** #include <Logger.h>
  17:.\Init.c      **** #include <Project.h>
  18:.\Init.c      **** #include <UI.h>
  19:.\Init.c      **** 
  20:.\Init.c      **** /*******************************************************************************
  21:.\Init.c      **** * Function Name: InitializeSystem
  22:.\Init.c      **** ********************************************************************************
  23:.\Init.c      **** * Summary:
  24:.\Init.c      **** *        Start the components and initialize the system 
  25:.\Init.c      **** *
  26:.\Init.c      **** * Parameters:
  27:.\Init.c      **** *  void
  28:.\Init.c      **** *
  29:.\Init.c      **** * Return:
  30:.\Init.c      **** *  uint8 - status of the initialization
  31:.\Init.c      **** *
  32:.\Init.c      **** *******************************************************************************/
ARM GAS  C:\Users\Gaurav\AppData\Local\Temp\ccG1X1GO.s 			page 2


  33:.\Init.c      **** uint8 InitializeSystem(void)
  34:.\Init.c      **** {
  26              		.loc 1 34 0
  27              		.cfi_startproc
  28 0000 90B5     		push	{r4, r7, lr}
  29              		.cfi_def_cfa_offset 12
  30              		.cfi_offset 4, -12
  31              		.cfi_offset 7, -8
  32              		.cfi_offset 14, -4
  33 0002 83B0     		sub	sp, sp, #12
  34              		.cfi_def_cfa_offset 24
  35 0004 00AF     		add	r7, sp, #0
  36              		.cfi_def_cfa_register 7
  35:.\Init.c      ****     uint8 apiReturn = 1;
  37              		.loc 1 35 0
  38 0006 FB1D     		add	r3, r7, #7
  39 0008 0122     		mov	r2, #1
  40 000a 1A70     		strb	r2, [r3]
  36:.\Init.c      **** 
  37:.\Init.c      ****     CyGlobalIntEnable;
  41              		.loc 1 37 0
  42              	@ 37 ".\Init.c" 1
  43 000c 62B6     		CPSIE   i
  44              	@ 0 "" 2
  38:.\Init.c      **** 
  39:.\Init.c      ****     PWM_Start();
  45              		.loc 1 39 0
  46              		.code	16
  47 000e FFF7FEFF 		bl	PWM_Start
  40:.\Init.c      **** 
  41:.\Init.c      ****     UI_Start();
  48              		.loc 1 41 0
  49 0012 FFF7FEFF 		bl	UI_Start
  42:.\Init.c      ****     
  43:.\Init.c      ****     Midi_Start();
  50              		.loc 1 43 0
  51 0016 FFF7FEFF 		bl	Midi_Start
  44:.\Init.c      **** 
  45:.\Init.c      ****     apiReturn = BLE_Start();
  52              		.loc 1 45 0
  53 001a FC1D     		add	r4, r7, #7
  54 001c FFF7FEFF 		bl	BLE_Start
  55 0020 031C     		mov	r3, r0
  56 0022 2370     		strb	r3, [r4]
  46:.\Init.c      ****     
  47:.\Init.c      **** #if LOGGING_ENABLED
  48:.\Init.c      ****     Logger_Start();
  57              		.loc 1 48 0
  58 0024 FFF7FEFF 		bl	UART_Start
  49:.\Init.c      **** #endif
  50:.\Init.c      ****     
  51:.\Init.c      ****     return apiReturn;
  59              		.loc 1 51 0
  60 0028 FB1D     		add	r3, r7, #7
  61 002a 1B78     		ldrb	r3, [r3]
  52:.\Init.c      **** }
  62              		.loc 1 52 0
ARM GAS  C:\Users\Gaurav\AppData\Local\Temp\ccG1X1GO.s 			page 3


  63 002c 181C     		mov	r0, r3
  64 002e BD46     		mov	sp, r7
  65 0030 03B0     		add	sp, sp, #12
  66              		@ sp needed
  67 0032 90BD     		pop	{r4, r7, pc}
  68              		.cfi_endproc
  69              	.LFE37:
  70              		.size	InitializeSystem, .-InitializeSystem
  71              		.text
  72              	.Letext0:
  73              		.file 2 "Generated_Source\\PSoC4/Cytypes.h"
  74              		.section	.debug_info,"",%progbits
  75              	.Ldebug_info0:
  76 0000 B4000000 		.4byte	0xb4
  77 0004 0400     		.2byte	0x4
  78 0006 00000000 		.4byte	.Ldebug_abbrev0
  79 000a 04       		.byte	0x4
  80 000b 01       		.uleb128 0x1
  81 000c 0E000000 		.4byte	.LASF13
  82 0010 01       		.byte	0x1
  83 0011 78010000 		.4byte	.LASF14
  84 0015 F3000000 		.4byte	.LASF15
  85 0019 00000000 		.4byte	.Ldebug_ranges0+0
  86 001d 00000000 		.4byte	0
  87 0021 00000000 		.4byte	.Ldebug_line0
  88 0025 02       		.uleb128 0x2
  89 0026 01       		.byte	0x1
  90 0027 06       		.byte	0x6
  91 0028 6C010000 		.4byte	.LASF0
  92 002c 02       		.uleb128 0x2
  93 002d 01       		.byte	0x1
  94 002e 08       		.byte	0x8
  95 002f 36010000 		.4byte	.LASF1
  96 0033 02       		.uleb128 0x2
  97 0034 02       		.byte	0x2
  98 0035 05       		.byte	0x5
  99 0036 87010000 		.4byte	.LASF2
 100 003a 02       		.uleb128 0x2
 101 003b 02       		.byte	0x2
 102 003c 07       		.byte	0x7
 103 003d 59010000 		.4byte	.LASF3
 104 0041 02       		.uleb128 0x2
 105 0042 04       		.byte	0x4
 106 0043 05       		.byte	0x5
 107 0044 49010000 		.4byte	.LASF4
 108 0048 02       		.uleb128 0x2
 109 0049 04       		.byte	0x4
 110 004a 07       		.byte	0x7
 111 004b AF000000 		.4byte	.LASF5
 112 004f 02       		.uleb128 0x2
 113 0050 08       		.byte	0x8
 114 0051 05       		.byte	0x5
 115 0052 00000000 		.4byte	.LASF6
 116 0056 02       		.uleb128 0x2
 117 0057 08       		.byte	0x8
 118 0058 07       		.byte	0x7
 119 0059 C1000000 		.4byte	.LASF7
ARM GAS  C:\Users\Gaurav\AppData\Local\Temp\ccG1X1GO.s 			page 4


 120 005d 03       		.uleb128 0x3
 121 005e 04       		.byte	0x4
 122 005f 05       		.byte	0x5
 123 0060 696E7400 		.ascii	"int\000"
 124 0064 02       		.uleb128 0x2
 125 0065 04       		.byte	0x4
 126 0066 07       		.byte	0x7
 127 0067 9C000000 		.4byte	.LASF8
 128 006b 04       		.uleb128 0x4
 129 006c A9000000 		.4byte	.LASF16
 130 0070 02       		.byte	0x2
 131 0071 9801     		.2byte	0x198
 132 0073 2C000000 		.4byte	0x2c
 133 0077 02       		.uleb128 0x2
 134 0078 04       		.byte	0x4
 135 0079 04       		.byte	0x4
 136 007a 81010000 		.4byte	.LASF9
 137 007e 02       		.uleb128 0x2
 138 007f 08       		.byte	0x8
 139 0080 04       		.byte	0x4
 140 0081 52010000 		.4byte	.LASF10
 141 0085 02       		.uleb128 0x2
 142 0086 01       		.byte	0x1
 143 0087 08       		.byte	0x8
 144 0088 44010000 		.4byte	.LASF11
 145 008c 02       		.uleb128 0x2
 146 008d 04       		.byte	0x4
 147 008e 07       		.byte	0x7
 148 008f 91010000 		.4byte	.LASF12
 149 0093 05       		.uleb128 0x5
 150 0094 D8000000 		.4byte	.LASF17
 151 0098 01       		.byte	0x1
 152 0099 21       		.byte	0x21
 153 009a 6B000000 		.4byte	0x6b
 154 009e 00000000 		.4byte	.LFB37
 155 00a2 34000000 		.4byte	.LFE37-.LFB37
 156 00a6 01       		.uleb128 0x1
 157 00a7 9C       		.byte	0x9c
 158 00a8 06       		.uleb128 0x6
 159 00a9 E9000000 		.4byte	.LASF18
 160 00ad 01       		.byte	0x1
 161 00ae 23       		.byte	0x23
 162 00af 6B000000 		.4byte	0x6b
 163 00b3 02       		.uleb128 0x2
 164 00b4 91       		.byte	0x91
 165 00b5 6F       		.sleb128 -17
 166 00b6 00       		.byte	0
 167 00b7 00       		.byte	0
 168              		.section	.debug_abbrev,"",%progbits
 169              	.Ldebug_abbrev0:
 170 0000 01       		.uleb128 0x1
 171 0001 11       		.uleb128 0x11
 172 0002 01       		.byte	0x1
 173 0003 25       		.uleb128 0x25
 174 0004 0E       		.uleb128 0xe
 175 0005 13       		.uleb128 0x13
 176 0006 0B       		.uleb128 0xb
ARM GAS  C:\Users\Gaurav\AppData\Local\Temp\ccG1X1GO.s 			page 5


 177 0007 03       		.uleb128 0x3
 178 0008 0E       		.uleb128 0xe
 179 0009 1B       		.uleb128 0x1b
 180 000a 0E       		.uleb128 0xe
 181 000b 55       		.uleb128 0x55
 182 000c 17       		.uleb128 0x17
 183 000d 11       		.uleb128 0x11
 184 000e 01       		.uleb128 0x1
 185 000f 10       		.uleb128 0x10
 186 0010 17       		.uleb128 0x17
 187 0011 00       		.byte	0
 188 0012 00       		.byte	0
 189 0013 02       		.uleb128 0x2
 190 0014 24       		.uleb128 0x24
 191 0015 00       		.byte	0
 192 0016 0B       		.uleb128 0xb
 193 0017 0B       		.uleb128 0xb
 194 0018 3E       		.uleb128 0x3e
 195 0019 0B       		.uleb128 0xb
 196 001a 03       		.uleb128 0x3
 197 001b 0E       		.uleb128 0xe
 198 001c 00       		.byte	0
 199 001d 00       		.byte	0
 200 001e 03       		.uleb128 0x3
 201 001f 24       		.uleb128 0x24
 202 0020 00       		.byte	0
 203 0021 0B       		.uleb128 0xb
 204 0022 0B       		.uleb128 0xb
 205 0023 3E       		.uleb128 0x3e
 206 0024 0B       		.uleb128 0xb
 207 0025 03       		.uleb128 0x3
 208 0026 08       		.uleb128 0x8
 209 0027 00       		.byte	0
 210 0028 00       		.byte	0
 211 0029 04       		.uleb128 0x4
 212 002a 16       		.uleb128 0x16
 213 002b 00       		.byte	0
 214 002c 03       		.uleb128 0x3
 215 002d 0E       		.uleb128 0xe
 216 002e 3A       		.uleb128 0x3a
 217 002f 0B       		.uleb128 0xb
 218 0030 3B       		.uleb128 0x3b
 219 0031 05       		.uleb128 0x5
 220 0032 49       		.uleb128 0x49
 221 0033 13       		.uleb128 0x13
 222 0034 00       		.byte	0
 223 0035 00       		.byte	0
 224 0036 05       		.uleb128 0x5
 225 0037 2E       		.uleb128 0x2e
 226 0038 01       		.byte	0x1
 227 0039 3F       		.uleb128 0x3f
 228 003a 19       		.uleb128 0x19
 229 003b 03       		.uleb128 0x3
 230 003c 0E       		.uleb128 0xe
 231 003d 3A       		.uleb128 0x3a
 232 003e 0B       		.uleb128 0xb
 233 003f 3B       		.uleb128 0x3b
ARM GAS  C:\Users\Gaurav\AppData\Local\Temp\ccG1X1GO.s 			page 6


 234 0040 0B       		.uleb128 0xb
 235 0041 27       		.uleb128 0x27
 236 0042 19       		.uleb128 0x19
 237 0043 49       		.uleb128 0x49
 238 0044 13       		.uleb128 0x13
 239 0045 11       		.uleb128 0x11
 240 0046 01       		.uleb128 0x1
 241 0047 12       		.uleb128 0x12
 242 0048 06       		.uleb128 0x6
 243 0049 40       		.uleb128 0x40
 244 004a 18       		.uleb128 0x18
 245 004b 9642     		.uleb128 0x2116
 246 004d 19       		.uleb128 0x19
 247 004e 00       		.byte	0
 248 004f 00       		.byte	0
 249 0050 06       		.uleb128 0x6
 250 0051 34       		.uleb128 0x34
 251 0052 00       		.byte	0
 252 0053 03       		.uleb128 0x3
 253 0054 0E       		.uleb128 0xe
 254 0055 3A       		.uleb128 0x3a
 255 0056 0B       		.uleb128 0xb
 256 0057 3B       		.uleb128 0x3b
 257 0058 0B       		.uleb128 0xb
 258 0059 49       		.uleb128 0x49
 259 005a 13       		.uleb128 0x13
 260 005b 02       		.uleb128 0x2
 261 005c 18       		.uleb128 0x18
 262 005d 00       		.byte	0
 263 005e 00       		.byte	0
 264 005f 00       		.byte	0
 265              		.section	.debug_aranges,"",%progbits
 266 0000 1C000000 		.4byte	0x1c
 267 0004 0200     		.2byte	0x2
 268 0006 00000000 		.4byte	.Ldebug_info0
 269 000a 04       		.byte	0x4
 270 000b 00       		.byte	0
 271 000c 0000     		.2byte	0
 272 000e 0000     		.2byte	0
 273 0010 00000000 		.4byte	.LFB37
 274 0014 34000000 		.4byte	.LFE37-.LFB37
 275 0018 00000000 		.4byte	0
 276 001c 00000000 		.4byte	0
 277              		.section	.debug_ranges,"",%progbits
 278              	.Ldebug_ranges0:
 279 0000 00000000 		.4byte	.LFB37
 280 0004 34000000 		.4byte	.LFE37
 281 0008 00000000 		.4byte	0
 282 000c 00000000 		.4byte	0
 283              		.section	.debug_line,"",%progbits
 284              	.Ldebug_line0:
 285 0000 61000000 		.section	.debug_str,"MS",%progbits,1
 285      02004300 
 285      00000201 
 285      FB0E0D00 
 285      01010101 
 286              	.LASF6:
ARM GAS  C:\Users\Gaurav\AppData\Local\Temp\ccG1X1GO.s 			page 7


 287 0000 6C6F6E67 		.ascii	"long long int\000"
 287      206C6F6E 
 287      6720696E 
 287      7400
 288              	.LASF13:
 289 000e 474E5520 		.ascii	"GNU C 4.9.3 20150303 (release) [ARM/embedded-4_9-br"
 289      4320342E 
 289      392E3320 
 289      32303135 
 289      30333033 
 290 0041 616E6368 		.ascii	"anch revision 221220] -mcpu=cortex-m0 -mthumb -g -O"
 290      20726576 
 290      6973696F 
 290      6E203232 
 290      31323230 
 291 0074 30202D66 		.ascii	"0 -ffunction-sections -ffat-lto-objects\000"
 291      66756E63 
 291      74696F6E 
 291      2D736563 
 291      74696F6E 
 292              	.LASF8:
 293 009c 756E7369 		.ascii	"unsigned int\000"
 293      676E6564 
 293      20696E74 
 293      00
 294              	.LASF16:
 295 00a9 75696E74 		.ascii	"uint8\000"
 295      3800
 296              	.LASF5:
 297 00af 6C6F6E67 		.ascii	"long unsigned int\000"
 297      20756E73 
 297      69676E65 
 297      6420696E 
 297      7400
 298              	.LASF7:
 299 00c1 6C6F6E67 		.ascii	"long long unsigned int\000"
 299      206C6F6E 
 299      6720756E 
 299      7369676E 
 299      65642069 
 300              	.LASF17:
 301 00d8 496E6974 		.ascii	"InitializeSystem\000"
 301      69616C69 
 301      7A655379 
 301      7374656D 
 301      00
 302              	.LASF18:
 303 00e9 61706952 		.ascii	"apiReturn\000"
 303      65747572 
 303      6E00
 304              	.LASF15:
 305 00f3 433A5C55 		.ascii	"C:\\Users\\Gaurav\\Documents\\PSoC Creator\\BLE MID"
 305      73657273 
 305      5C476175 
 305      7261765C 
 305      446F6375 
 306 0121 495C424C 		.ascii	"I\\BLE_MIDI_iOS.cydsn\000"
ARM GAS  C:\Users\Gaurav\AppData\Local\Temp\ccG1X1GO.s 			page 8


 306      455F4D49 
 306      44495F69 
 306      4F532E63 
 306      7964736E 
 307              	.LASF1:
 308 0136 756E7369 		.ascii	"unsigned char\000"
 308      676E6564 
 308      20636861 
 308      7200
 309              	.LASF11:
 310 0144 63686172 		.ascii	"char\000"
 310      00
 311              	.LASF4:
 312 0149 6C6F6E67 		.ascii	"long int\000"
 312      20696E74 
 312      00
 313              	.LASF10:
 314 0152 646F7562 		.ascii	"double\000"
 314      6C6500
 315              	.LASF3:
 316 0159 73686F72 		.ascii	"short unsigned int\000"
 316      7420756E 
 316      7369676E 
 316      65642069 
 316      6E7400
 317              	.LASF0:
 318 016c 7369676E 		.ascii	"signed char\000"
 318      65642063 
 318      68617200 
 319              	.LASF14:
 320 0178 2E5C496E 		.ascii	".\\Init.c\000"
 320      69742E63 
 320      00
 321              	.LASF9:
 322 0181 666C6F61 		.ascii	"float\000"
 322      7400
 323              	.LASF2:
 324 0187 73686F72 		.ascii	"short int\000"
 324      7420696E 
 324      7400
 325              	.LASF12:
 326 0191 73697A65 		.ascii	"sizetype\000"
 326      74797065 
 326      00
 327              		.ident	"GCC: (GNU Tools for ARM Embedded Processors) 4.9.3 20150303 (release) [ARM/embedded-4_9-br
